  udl1configDlg.cpp
C:\work\mobiltexdataltd\BMM1\bmm1-pc-configuration\udl1configDlg.cpp(536,30): warning C4244: 'argument': conversion from 'double' to 'int', possible loss of data
C:\work\mobiltexdataltd\BMM1\bmm1-pc-configuration\udl1configDlg.cpp(543,8): warning C4101: 'tries': unreferenced local variable
C:\work\mobiltexdataltd\BMM1\bmm1-pc-configuration\udl1configDlg.cpp(545,8): warning C4101: 'startTime': unreferenced local variable
C:\work\mobiltexdataltd\BMM1\bmm1-pc-configuration\udl1configDlg.cpp(544,6): warning C4101: 'retryCount': unreferenced local variable
C:\work\mobiltexdataltd\BMM1\bmm1-pc-configuration\udl1configDlg.cpp(881,39): warning C4244: '=': conversion from 'DWORD' to 'UINT8', possible loss of data
C:\work\mobiltexdataltd\BMM1\bmm1-pc-configuration\udl1configDlg.cpp(885,39): warning C4244: '=': conversion from 'float' to 'UINT16', possible loss of data
C:\work\mobiltexdataltd\BMM1\bmm1-pc-configuration\udl1configDlg.cpp(889,58): warning C4244: '=': conversion from 'DWORD' to 'UINT16', possible loss of data
C:\work\mobiltexdataltd\BMM1\bmm1-pc-configuration\udl1configDlg.cpp(906,65): warning C4244: '=': conversion from 'unsigned long' to 'UINT16', possible loss of data
C:\work\mobiltexdataltd\BMM1\bmm1-pc-configuration\udl1configDlg.cpp(907,32): warning C4244: '=': conversion from 'DWORD' to 'UINT16', possible loss of data
C:\work\mobiltexdataltd\BMM1\bmm1-pc-configuration\udl1configDlg.cpp(908,38): warning C4244: '=': conversion from 'DWORD' to 'UINT16', possible loss of data
C:\work\mobiltexdataltd\BMM1\bmm1-pc-configuration\udl1configDlg.cpp(909,38): warning C4244: '=': conversion from 'DWORD' to 'UINT16', possible loss of data
C:\work\mobiltexdataltd\BMM1\bmm1-pc-configuration\udl1configDlg.cpp(975,45): warning C4244: '=': conversion from 'double' to 'float', possible loss of data
C:\work\mobiltexdataltd\BMM1\bmm1-pc-configuration\udl1configDlg.cpp(1216,8): warning C4101: 'rssi': unreferenced local variable
C:\work\mobiltexdataltd\BMM1\bmm1-pc-configuration\udl1configDlg.cpp(1217,6): warning C4101: 'rssiPercentInt': unreferenced local variable
C:\work\mobiltexdataltd\BMM1\bmm1-pc-configuration\udl1configDlg.cpp(1215,8): warning C4101: 'rssiRaw': unreferenced local variable
C:\work\mobiltexdataltd\BMM1\bmm1-pc-configuration\udl1configDlg.cpp(1214,6): warning C4101: 'i': unreferenced local variable
C:\work\mobiltexdataltd\BMM1\bmm1-pc-configuration\udl1configDlg.cpp(1218,6): warning C4101: 'rssidB': unreferenced local variable
C:\work\mobiltexdataltd\BMM1\bmm1-pc-configuration\udl1configDlg.cpp(1224,40): warning C4101: 'delay': unreferenced local variable
C:\work\mobiltexdataltd\BMM1\bmm1-pc-configuration\udl1configDlg.cpp(1224,29): warning C4101: 'totalSecs': unreferenced local variable
C:\work\mobiltexdataltd\BMM1\bmm1-pc-configuration\udl1configDlg.cpp(1873,32): warning C4244: '=': conversion from 'time_t' to '__time32_t', possible loss of data
C:\work\mobiltexdataltd\BMM1\bmm1-pc-configuration\udl1configDlg.cpp(1990,9): warning C4477: 'printf' : format string '%s' requires an argument of type 'char *', but variadic argument 1 has type 'CString'
C:\work\mobiltexdataltd\BMM1\bmm1-pc-configuration\udl1configDlg.cpp(2056,35): warning C4244: '=': conversion from 'unsigned long' to 'UINT8', possible loss of data
C:\work\mobiltexdataltd\BMM1\bmm1-pc-configuration\udl1configDlg.cpp(2178,6): warning C4554: '&': check operator precedence for possible error; use parentheses to clarify precedence
C:\work\mobiltexdataltd\BMM1\bmm1-pc-configuration\udl1configDlg.cpp(2269,99): warning C4244: 'argument': conversion from 'double' to 'float', possible loss of data
C:\work\mobiltexdataltd\BMM1\bmm1-pc-configuration\udl1configDlg.cpp(2269,60): warning C4244: 'argument': conversion from 'double' to 'float', possible loss of data
C:\work\mobiltexdataltd\BMM1\bmm1-pc-configuration\udl1configDlg.cpp(2334,58): warning C4244: '=': conversion from 'double' to 'UINT64', possible loss of data
C:\work\mobiltexdataltd\BMM1\bmm1-pc-configuration\udl1configDlg.cpp(2370,26): warning C4244: 'argument': conversion from 'DWORD' to 'UINT16', possible loss of data
C:\work\mobiltexdataltd\BMM1\bmm1-pc-configuration\udl1configDlg.cpp(2115,16): warning C4101: 'tempF': unreferenced local variable
C:\work\mobiltexdataltd\BMM1\bmm1-pc-configuration\udl1configDlg.cpp(2115,9): warning C4101: 'tempC': unreferenced local variable
C:\work\mobiltexdataltd\BMM1\bmm1-pc-configuration\udl1configDlg.cpp(2111,25): warning C4101: 'datalogGps': unreferenced local variable
C:\work\mobiltexdataltd\BMM1\bmm1-pc-configuration\udl1configDlg.cpp(2105,7): warning C4101: 'fileNameDefault': unreferenced local variable
C:\work\mobiltexdataltd\BMM1\bmm1-pc-configuration\udl1configDlg.cpp(2132,6): warning C4101: 'tempInt32': unreferenced local variable
C:\work\mobiltexdataltd\BMM1\bmm1-pc-configuration\udl1configDlg.cpp(2463,24): warning C4477: 'fprintf' : format string '%s' requires an argument of type 'char *', but variadic argument 1 has type 'CString'
C:\work\mobiltexdataltd\BMM1\bmm1-pc-configuration\udl1configDlg.cpp(2463,24): warning C4477: 'fprintf' : format string '%s' requires an argument of type 'char *', but variadic argument 2 has type 'CString'
C:\work\mobiltexdataltd\BMM1\bmm1-pc-configuration\udl1configDlg.cpp(2840,27): warning C4477: 'fprintf' : format string '%s' requires an argument of type 'char *', but variadic argument 5 has type 'CString'
C:\work\mobiltexdataltd\BMM1\bmm1-pc-configuration\udl1configDlg.cpp(2840,27): warning C4477: 'fprintf' : format string '%s' requires an argument of type 'char *', but variadic argument 14 has type 'CString'
C:\work\mobiltexdataltd\BMM1\bmm1-pc-configuration\udl1configDlg.cpp(2417,16): warning C4101: 'tempF': unreferenced local variable
C:\work\mobiltexdataltd\BMM1\bmm1-pc-configuration\udl1configDlg.cpp(2417,9): warning C4101: 'tempC': unreferenced local variable
C:\work\mobiltexdataltd\BMM1\bmm1-pc-configuration\udl1configDlg.cpp(3714,75): warning C4244: '=': conversion from 'double' to 'float', possible loss of data
C:\work\mobiltexdataltd\BMM1\bmm1-pc-configuration\udl1configDlg.cpp(3732,75): warning C4244: '=': conversion from 'double' to 'float', possible loss of data
C:\work\mobiltexdataltd\BMM1\bmm1-pc-configuration\udl1configDlg.cpp(3743,16): warning C4101: 'temp2': unreferenced local variable
C:\work\mobiltexdataltd\BMM1\bmm1-pc-configuration\udl1configDlg.cpp(3742,10): warning C4101: 'j': unreferenced local variable
C:\work\mobiltexdataltd\BMM1\bmm1-pc-configuration\udl1configDlg.cpp(3776,16): warning C4101: 'temp2': unreferenced local variable
C:\work\mobiltexdataltd\BMM1\bmm1-pc-configuration\udl1configDlg.cpp(3775,10): warning C4101: 'j': unreferenced local variable
C:\work\mobiltexdataltd\BMM1\bmm1-pc-configuration\udl1configDlg.cpp(3809,16): warning C4101: 'temp2': unreferenced local variable
C:\work\mobiltexdataltd\BMM1\bmm1-pc-configuration\udl1configDlg.cpp(3808,10): warning C4101: 'j': unreferenced local variable
C:\work\mobiltexdataltd\BMM1\bmm1-pc-configuration\udl1configDlg.cpp(4126,16): warning C4101: 'temp2': unreferenced local variable
C:\work\mobiltexdataltd\BMM1\bmm1-pc-configuration\udl1configDlg.cpp(4125,10): warning C4101: 'j': unreferenced local variable
C:\work\mobiltexdataltd\BMM1\bmm1-pc-configuration\udl1configDlg.cpp(4623,10): warning C4101: 'j': unreferenced local variable
C:\work\mobiltexdataltd\BMM1\bmm1-pc-configuration\udl1configDlg.cpp(4716,9): warning C4477: 'printf' : format string '%s' requires an argument of type 'char *', but variadic argument 1 has type 'CString'
C:\work\mobiltexdataltd\BMM1\bmm1-pc-configuration\udl1configDlg.cpp(4784,30): warning C4244: '=': conversion from 'unsigned long' to 'UINT8', possible loss of data
C:\work\mobiltexdataltd\BMM1\bmm1-pc-configuration\udl1configDlg.cpp(4708,9): warning C4101: 'baseTime': unreferenced local variable
C:\work\mobiltexdataltd\BMM1\bmm1-pc-configuration\udl1configDlg.cpp(4919,37): warning C4018: '>': signed/unsigned mismatch
C:\work\mobiltexdataltd\BMM1\bmm1-pc-configuration\udl1configDlg.cpp(4921,34): warning C4018: '>': signed/unsigned mismatch
C:\work\mobiltexdataltd\BMM1\bmm1-pc-configuration\udl1configDlg.cpp(4937,16): warning C4101: 'temp2': unreferenced local variable
C:\work\mobiltexdataltd\BMM1\bmm1-pc-configuration\udl1configDlg.cpp(4936,10): warning C4101: 'j': unreferenced local variable
C:\work\mobiltexdataltd\BMM1\bmm1-pc-configuration\udl1configDlg.cpp(4984,16): warning C4101: 'temp2': unreferenced local variable
C:\work\mobiltexdataltd\BMM1\bmm1-pc-configuration\udl1configDlg.cpp(4983,10): warning C4101: 'j': unreferenced local variable
C:\work\mobiltexdataltd\BMM1\bmm1-pc-configuration\udl1configDlg.cpp(5117,67): warning C4244: '=': conversion from 'double' to 'UINT32', possible loss of data
  Generating code
  1 of 921 functions ( 0.1%) were compiled, the rest were copied from previous compilation.
    0 functions were new in current compilation
    20 functions had inline decision re-evaluated but remain unchanged
  Finished generating code
  rmu3config.vcxproj -> C:\work\mobiltexdataltd\BMM1\bmm1-pc-configuration\Release\udl1config.exe
