c:\projects\udl1\udl1config\release\udl1config.pch
c:\projects\udl1\udl1config\release\vc141.pdb
c:\projects\udl1\udl1config\release\stdafx.obj
c:\projects\udl1\udl1config\release\zoomscrolldemodlg.obj
c:\projects\udl1\udl1config\release\winusbif.obj
c:\projects\udl1\udl1config\release\udl1configdlg.obj
c:\projects\udl1\udl1config\release\udl1config.obj
c:\projects\udl1\udl1config\release\transducercalcdlg.obj
c:\projects\udl1\udl1config\release\textprogressctrl.obj
c:\projects\udl1\udl1config\release\statuswnd.obj
c:\projects\udl1\udl1config\release\shuntcalcdlg.obj
c:\projects\udl1\udl1config\release\ser.obj
c:\projects\udl1\udl1config\release\relaydlg.obj
c:\projects\udl1\udl1config\release\interruptersettings.obj
c:\projects\udl1\udl1config\release\filesplitutilitydlg.obj
c:\projects\udl1\udl1config\release\fcs16.obj
c:\projects\udl1\udl1config\release\faultdlg.obj
c:\projects\udl1\udl1config\release\factoryoverridesdlg.obj
c:\projects\udl1\udl1config\release\chartviewer.obj
c:\projects\udl1\udl1config\release\c32khztestdlg.obj
c:\projects\udl1\udl1config\release\busydialog.obj
c:\projects\udl1\udl1config\release\bipwu.obj
c:\projects\udl1\udl1config\release\bip.obj
c:\projects\udl1\udl1config\release\udl1config.exe
c:\projects\udl1\udl1config\release\udl1config.pdb
c:\projects\udl1\udl1config\release\udl1config.res
c:\projects\udl1\udl1config\release\udl1config.ipdb
c:\projects\udl1\udl1config\release\udl1config.iobj
c:\projects\udl1\udl1config\release\udl1firm.ipdb
c:\projects\udl1\udl1config\release\udl1installer.ipdb
c:\projects\udl1\udl1config\release\udl1firm.iobj
c:\projects\udl1\udl1config\release\udl1installer.iobj
c:\projects\udl1\udl1config\release\udl1firm.pdb
c:\projects\udl1\udl1config\release\udl1installer.pdb
c:\projects\udl1\udl1config\release\udl1config.tlog\cl.command.1.tlog
c:\projects\udl1\udl1config\release\udl1config.tlog\cl.read.1.tlog
c:\projects\udl1\udl1config\release\udl1config.tlog\cl.write.1.tlog
c:\projects\udl1\udl1config\release\udl1config.tlog\link.command.1.tlog
c:\projects\udl1\udl1config\release\udl1config.tlog\link.read.1.tlog
c:\projects\udl1\udl1config\release\udl1config.tlog\link.write.1.tlog
c:\projects\udl1\udl1config\release\udl1config.tlog\rc.command.1.tlog
c:\projects\udl1\udl1config\release\udl1config.tlog\rc.read.1.tlog
c:\projects\udl1\udl1config\release\udl1config.tlog\rc.write.1.tlog
c:\projects\udl1\udl1config\release\udl1config.tlog\udl1config.write.1u.tlog
